----------------------------------------------------------------------------------------------------------------------------------------------------------
      name:  <unnamed>
       log:  C:\Users\Admin\Desktop\advanced econometrics\project/output/logs/log_20260430.log
  log type:  text
 opened on:  30 Apr 2026, 13:04:08

. 
. di "========================================================"
========================================================

. di " Log started: $S_DATE $S_TIME"
 Log started: 30 Apr 2026 13:04:08

. di "========================================================"
========================================================

. 
. *--------------------------------------------------------------*
. * 2. LOAD HOUSEHOLD DATA
. *--------------------------------------------------------------*
. 
. use "$data_raw/faps_household_puf.dta", clear

. 
. keep ///
>     hhnum snapnowhh inchhavg_r region rural hhsize ///
>     foodsufficient adltfscat housingpub housingsub ///
>     liqassets caraccess primstoredist_d ///
>     healthycost healthytime dietstatushh

. 
. save "$data_clean/hh_temp.dta", replace
file C:\Users\Admin\Desktop\advanced econometrics\project/data/clean/hh_temp.dta saved

. 
. *--------------------------------------------------------------*
. * 3. LOAD NUTRIENT DATA
. *--------------------------------------------------------------*
. 
. use "$data_raw/faps_fafhnutrient_puf.dta", clear
(ERS-cleaned FAFH nutrient data, FoodAPS)

. 
. *--------------------------------------------------------------*
. * 4. MERGE
. *--------------------------------------------------------------*
. 
. merge m:1 hhnum using "$data_clean/hh_temp.dta"

    Result                           # of obs.
    -----------------------------------------
    not matched                           521
        from master                         0  (_merge==1)
        from using                        521  (_merge==2)

    matched                           116,074  (_merge==3)
    -----------------------------------------

. 
. drop if _merge == 2
(521 observations deleted)

. drop _merge

. 
. *--------------------------------------------------------------*
. * 5. CREATE VARIABLES
. *--------------------------------------------------------------*
. 
. gen calories  = energy
(286 missing values generated)

. gen sugar     = totsug
(288 missing values generated)

. gen sodium_mg = sodium
(286 missing values generated)

. gen fat       = totfat
(286 missing values generated)

. 
. gen calories_pc = calories / hhsize
(286 missing values generated)

. gen ln_calories = log(calories + 1)
(286 missing values generated)

. 
. *--------------------------------------------------------------*
. * 6. COLLAPSE TO HOUSEHOLD LEVEL
. *--------------------------------------------------------------*
. 
. collapse ///
>     (sum) calories sugar sodium_mg fat ///
>     (mean) calories_pc ln_calories ///
>     , by(hhnum snapnowhh inchhavg_r region rural hhsize ///
>          foodsufficient adltfscat housingpub housingsub ///
>          liqassets caraccess primstoredist_d ///
>          healthycost healthytime dietstatushh)

. 
. *--------------------------------------------------------------*
. * 7. CLEAN VARIABLES
. *--------------------------------------------------------------*
. 
. drop if snapnowhh < 0
(2 observations deleted)

. rename inchhavg_r income

. rename sodium_mg sodium

. drop if income < 0
(0 observations deleted)

. 
. save "$data_clean/analysis_dataset.dta", replace
file C:\Users\Admin\Desktop\advanced econometrics\project/data/clean/analysis_dataset.dta saved

. 
. *--------------------------------------------------------------*
. * 8. DESCRIPTIVE STATISTICS
. *--------------------------------------------------------------*
. 
. tab snapnowhh

  anyone in |
  household |
         is |
  receiving |
       snap |
   benefits |
      (y/n) |      Freq.     Percent        Cum.
------------+-----------------------------------
          0 |      2,961       68.81       68.81
          1 |      1,342       31.19      100.00
------------+-----------------------------------
      Total |      4,303      100.00

. 
. summ calories if snapnowhh==1

    Variable |        Obs        Mean    Std. Dev.       Min        Max
-------------+---------------------------------------------------------
    calories |      1,342    4925.808     4967.64          0   49278.05

. summ calories if snapnowhh==0

    Variable |        Obs        Mean    Std. Dev.       Min        Max
-------------+---------------------------------------------------------
    calories |      2,961    4665.435    4478.311          0   35240.42

. 
. *--------------------------------------------------------------*
. * 9. OLS
. *--------------------------------------------------------------*
. 
. reg calories snapnowhh

      Source |       SS           df       MS      Number of obs   =     4,303
-------------+----------------------------------   F(1, 4301)      =      2.91
       Model |  62605032.2         1  62605032.2   Prob > F        =    0.0880
    Residual |  9.2456e+10     4,301  21496407.1   R-squared       =    0.0007
-------------+----------------------------------   Adj R-squared   =    0.0004
       Total |  9.2519e+10     4,302  21505962.8   Root MSE        =    4636.4

------------------------------------------------------------------------------
    calories |      Coef.   Std. Err.      t    P>|t|     [95% Conf. Interval]
-------------+----------------------------------------------------------------
   snapnowhh |   260.3723   152.5714     1.71   0.088    -38.74631     559.491
       _cons |   4665.435   85.20474    54.76   0.000      4498.39    4832.481
------------------------------------------------------------------------------

. 
. reg calories ///
>     snapnowhh income rural i.region, robust

Linear regression                               Number of obs     =      4,303
                                                F(6, 4296)        =      22.46
                                                Prob > F          =     0.0000
                                                R-squared         =     0.0359
                                                Root MSE          =     4556.5

------------------------------------------------------------------------------
             |               Robust
    calories |      Coef.   Std. Err.      t    P>|t|     [95% Conf. Interval]
-------------+----------------------------------------------------------------
   snapnowhh |   835.9033   163.6728     5.11   0.000       515.02    1156.787
      income |   .2258733   .0225015    10.04   0.000     .1817588    .2699879
       rural |   201.7428   164.4211     1.23   0.220    -120.6075    524.0932
             |
      region |
          2  |   1175.321   214.2392     5.49   0.000     755.3019    1595.341
          3  |    1156.16   197.8394     5.84   0.000     768.2923    1544.027
          4  |   605.7027   205.0045     2.95   0.003     203.7881    1007.617
             |
       _cons |   2700.197   193.9553    13.92   0.000     2319.945     3080.45
------------------------------------------------------------------------------

. 
. reg calories ///
>     snapnowhh income rural i.region ///
>     hhsize foodsufficient liqassets caraccess ///
>     primstoredist_d healthycost healthytime, robust

Linear regression                               Number of obs     =      4,303
                                                F(13, 4289)       =      57.69
                                                Prob > F          =     0.0000
                                                R-squared         =     0.1658
                                                Root MSE          =     4241.9

---------------------------------------------------------------------------------
                |               Robust
       calories |      Coef.   Std. Err.      t    P>|t|     [95% Conf. Interval]
----------------+----------------------------------------------------------------
      snapnowhh |  -159.8437   159.5294    -1.00   0.316     -472.604    152.9165
         income |   .1131491    .020455     5.53   0.000     .0730467    .1532516
          rural |   217.3651   155.1307     1.40   0.161    -86.77132    521.5015
                |
         region |
             2  |   1022.144   200.0569     5.11   0.000     629.9286    1414.359
             3  |   888.5883   185.8541     4.78   0.000     524.2181    1252.958
             4  |   .7693854   194.0645     0.00   0.997    -379.6974    381.2362
                |
         hhsize |   1004.931   50.11422    20.05   0.000      906.681    1103.181
 foodsufficient |   91.24191    91.8588     0.99   0.321    -88.84886    271.3327
      liqassets |   .2315134   .4350206     0.53   0.595    -.6213519    1.084379
      caraccess |  -.7799267   .1889938    -4.13   0.000    -1.150452   -.4094012
primstoredist_d |  -.0600686   .2636766    -0.23   0.820    -.5770112    .4568741
    healthycost |   2.799367   .3633674     7.70   0.000     2.086978    3.511755
    healthytime |   2.624018   .6842518     3.83   0.000      1.28253    3.965505
          _cons |   -179.113   296.7146    -0.60   0.546    -760.8272    402.6011
---------------------------------------------------------------------------------

. 
. *--------------------------------------------------------------*
. * 10. PROPENSITY SCORE
. *--------------------------------------------------------------*
. 
. logit snapnowhh ///
>     income rural i.region hhsize foodsufficient ///
>     liqassets caraccess primstoredist_d ///
>     healthycost healthytime

Iteration 0:   log likelihood = -2670.4118  
Iteration 1:   log likelihood = -2191.2279  
Iteration 2:   log likelihood = -2081.6811  
Iteration 3:   log likelihood =  -2077.692  
Iteration 4:   log likelihood = -2077.6804  
Iteration 5:   log likelihood = -2077.6804  

Logistic regression                             Number of obs     =      4,303
                                                LR chi2(12)       =    1185.46
                                                Prob > chi2       =     0.0000
Log likelihood = -2077.6804                     Pseudo R2         =     0.2220

---------------------------------------------------------------------------------
      snapnowhh |      Coef.   Std. Err.      z    P>|z|     [95% Conf. Interval]
----------------+----------------------------------------------------------------
         income |  -.0005459   .0000255   -21.40   0.000    -.0005959   -.0004959
          rural |  -.0302969   .0887128    -0.34   0.733    -.2041708    .1435771
                |
         region |
             2  |  -.5320998    .126537    -4.21   0.000    -.7801078   -.2840919
             3  |  -.1391725   .1157371    -1.20   0.229    -.3660131    .0876681
             4  |  -.2614268   .1273514    -2.05   0.040    -.5110309   -.0118227
                |
         hhsize |   .4542132   .0247152    18.38   0.000     .4057723    .5026541
 foodsufficient |   .1843884   .0514485     3.58   0.000     .0835511    .2852256
      liqassets |   .0010942   .0003432     3.19   0.001     .0004215    .0017669
      caraccess |   .0002717   .0001359     2.00   0.046     5.29e-06     .000538
primstoredist_d |  -.0000432   .0001628    -0.27   0.791    -.0003622    .0002758
    healthycost |  -.0056031   .0113319    -0.49   0.621    -.0278132     .016607
    healthytime |  -.0010812   .0015664    -0.69   0.490    -.0041513    .0019888
          _cons |  -.3738662   .1844304    -2.03   0.043    -.7353431   -.0123892
---------------------------------------------------------------------------------

. 
. predict pscore, pr

. 
. *--------------------------------------------------------------*
. * 11. PLOT OVERLAP
. *--------------------------------------------------------------*
. 
. twoway ///
>  (kdensity pscore if snapnowhh==1) ///
>  (kdensity pscore if snapnowhh==0), ///
>  legend(label(1 "SNAP") label(2 "Non-SNAP")) ///
>  title("Propensity Score Overlap")

. 
. graph export "$figures/pscore.png", replace
(file C:\Users\Admin\Desktop\advanced econometrics\project/output/figures/pscore.png written in PNG format)

. 
. *--------------------------------------------------------------*
. * 12. MATCHING
. *--------------------------------------------------------------*
. 
. teffects nnmatch ///
>     (calories income rural region hhsize ///
>      foodsufficient liqassets caraccess) ///
>     (snapnowhh), atet

Treatment-effects estimation                   Number of obs      =      4,303
Estimator      : nearest-neighbor matching     Matches: requested =          1
Outcome model  : matching                                     min =          1
Distance metric: Mahalanobis                                  max =          3
------------------------------------------------------------------------------
             |              AI Robust
    calories |      Coef.   Std. Err.      z    P>|z|     [95% Conf. Interval]
-------------+----------------------------------------------------------------
ATET         |
   snapnowhh |
   (1 vs 0)  |   204.0978   245.0856     0.83   0.405     -276.261    684.4567
------------------------------------------------------------------------------

. 
. teffects psmatch ///
>     (calories) ///
>     (snapnowhh income rural region hhsize ///
>      foodsufficient liqassets caraccess ///
>      primstoredist_d healthycost healthytime), atet

Treatment-effects estimation                   Number of obs      =      4,303
Estimator      : propensity-score matching     Matches: requested =          1
Outcome model  : matching                                     min =          1
Treatment model: logit                                        max =          1
------------------------------------------------------------------------------
             |              AI Robust
    calories |      Coef.   Std. Err.      z    P>|z|     [95% Conf. Interval]
-------------+----------------------------------------------------------------
ATET         |
   snapnowhh |
   (1 vs 0)  |  -36.00727   250.9169    -0.14   0.886    -527.7953    455.7808
------------------------------------------------------------------------------

. 
. tebalance summarize
note: refitting the model using the generate() option

  Covariate balance summary
                                                   Raw      Matched
                          -----------------------------------------
                          Number of obs =        4,303        2,684
                          Treated obs   =        1,342        1,342
                          Control obs   =        2,961        1,342
                          -----------------------------------------

  -----------------------------------------------------------------
                  |Standardized differences          Variance ratio
                  |        Raw     Matched           Raw    Matched
  ----------------+------------------------------------------------
           income |  -.7900557   -.1252978      .2717428   1.273977
            rural |  -.0626536    .0796379      .9344409   1.107452
           region |   .1274415   -.0735111      .9541975   1.047393
           hhsize |   .4215295    -.130942      1.404639   .8568379
   foodsufficient |    .413673   -.1362737      1.354344   .9079038
        liqassets |   .0992889    .0193234      .4269064   .8138117
        caraccess |   .1873233   -.0837019      1.783974   .8254692
  primstoredist_d |  -.0082852   -.0483929      1.025716   1.209665
      healthycost |  -.0328912   -.0379535      3141.778   2969.651
      healthytime |   -.004703   -.0406026      1.103378   4450.106
  -----------------------------------------------------------------

. 
. *--------------------------------------------------------------*
. * 13. IPW
. *--------------------------------------------------------------*
. 
. teffects ipw ///
>     (calories) ///
>     (snapnowhh income rural region hhsize ///
>      foodsufficient liqassets caraccess), atet

Iteration 0:   EE criterion =  3.966e-21  
Iteration 1:   EE criterion =  5.438e-26  

Treatment-effects estimation                    Number of obs     =      4,303
Estimator      : inverse-probability weights
Outcome model  : weighted mean
Treatment model: logit
--------------------------------------------------------------------------------
               |               Robust
      calories |      Coef.   Std. Err.      z    P>|z|     [95% Conf. Interval]
---------------+----------------------------------------------------------------
ATET           |
     snapnowhh |
     (1 vs 0)  |  -190.4132   229.8437    -0.83   0.407    -640.8986    260.0722
---------------+----------------------------------------------------------------
POmean         |
     snapnowhh |
            0  |   5116.221   205.0254    24.95   0.000     4714.379    5518.063
--------------------------------------------------------------------------------

. 
. *--------------------------------------------------------------*
. * 14. TABLE
. *--------------------------------------------------------------*
. 
. eststo clear

. 
. eststo ols: reg calories ///
>     snapnowhh income rural i.region ///
>     hhsize foodsufficient liqassets caraccess ///
>     primstoredist_d healthycost healthytime, robust

Linear regression                               Number of obs     =      4,303
                                                F(13, 4289)       =      57.69
                                                Prob > F          =     0.0000
                                                R-squared         =     0.1658
                                                Root MSE          =     4241.9

---------------------------------------------------------------------------------
                |               Robust
       calories |      Coef.   Std. Err.      t    P>|t|     [95% Conf. Interval]
----------------+----------------------------------------------------------------
      snapnowhh |  -159.8437   159.5294    -1.00   0.316     -472.604    152.9165
         income |   .1131491    .020455     5.53   0.000     .0730467    .1532516
          rural |   217.3651   155.1307     1.40   0.161    -86.77132    521.5015
                |
         region |
             2  |   1022.144   200.0569     5.11   0.000     629.9286    1414.359
             3  |   888.5883   185.8541     4.78   0.000     524.2181    1252.958
             4  |   .7693854   194.0645     0.00   0.997    -379.6974    381.2362
                |
         hhsize |   1004.931   50.11422    20.05   0.000      906.681    1103.181
 foodsufficient |   91.24191    91.8588     0.99   0.321    -88.84886    271.3327
      liqassets |   .2315134   .4350206     0.53   0.595    -.6213519    1.084379
      caraccess |  -.7799267   .1889938    -4.13   0.000    -1.150452   -.4094012
primstoredist_d |  -.0600686   .2636766    -0.23   0.820    -.5770112    .4568741
    healthycost |   2.799367   .3633674     7.70   0.000     2.086978    3.511755
    healthytime |   2.624018   .6842518     3.83   0.000      1.28253    3.965505
          _cons |   -179.113   296.7146    -0.60   0.546    -760.8272    402.6011
---------------------------------------------------------------------------------

. 
. eststo psm: teffects psmatch ///
>     (calories) ///
>     (snapnowhh income rural region hhsize ///
>      foodsufficient liqassets caraccess ///
>      primstoredist_d healthycost healthytime), atet

Treatment-effects estimation                   Number of obs      =      4,303
Estimator      : propensity-score matching     Matches: requested =          1
Outcome model  : matching                                     min =          1
Treatment model: logit                                        max =          1
------------------------------------------------------------------------------
             |              AI Robust
    calories |      Coef.   Std. Err.      z    P>|z|     [95% Conf. Interval]
-------------+----------------------------------------------------------------
ATET         |
   snapnowhh |
   (1 vs 0)  |  -36.00727   250.9169    -0.14   0.886    -527.7953    455.7808
------------------------------------------------------------------------------

. 
. esttab ols psm using "$tables/results.rtf", replace ///
>     se star(* 0.10 ** 0.05 *** 0.01)
(output written to C:\Users\Admin\Desktop\advanced econometrics\project/output/tables/results.rtf)

. 
. di ">> Saved: table"
>> Saved: table

. 
. *--------------------------------------------------------------*
. * 15. COEF PLOT
. *--------------------------------------------------------------*
. 
. coefplot ///
>     (ols, keep(snapnowhh) label(OLS)) ///
>     (psm, keep(ATET:r1vs0.snapnowhh) label(PSM)), ///
>     yline(0) ///
>     title("Effect of SNAP on Calories")

. 
. graph export "$figures/coefplot.png", replace
(note: file C:\Users\Admin\Desktop\advanced econometrics\project/output/figures/coefplot.png not found)
(file C:\Users\Admin\Desktop\advanced econometrics\project/output/figures/coefplot.png written in PNG format)

. 
. *--------------------------------------------------------------*
. * 16. CLOSE LOG
. *--------------------------------------------------------------*
. 
. di "========================================================"
========================================================

. di " Log closed: $S_DATE $S_TIME"
 Log closed: 30 Apr 2026 13:04:15

. di "========================================================"
========================================================

. 
. log close
      name:  <unnamed>
       log:  C:\Users\Admin\Desktop\advanced econometrics\project/output/logs/log_20260430.log
  log type:  text
 closed on:  30 Apr 2026, 13:04:15
----------------------------------------------------------------------------------------------------------------------------------------------------------
